0 info it worked if it ends with ok
1 verbose cli [ 'C:\\Program Files (x86)\\nodejs\\node.exe',
1 verbose cli   'C:\\Users\\huang\\AppData\\Roaming\\npm\\node_modules\\npm\\bin\\npm-cli.js',
1 verbose cli   'run',
1 verbose cli   'windev' ]
2 info using npm@3.10.8
3 info using node@v6.10.0
4 verbose run-script [ 'prewindev', 'windev', 'postwindev' ]
5 info lifecycle wechat@0.0.0~prewindev: wechat@0.0.0
6 silly lifecycle wechat@0.0.0~prewindev: no script for prewindev, continuing
7 info lifecycle wechat@0.0.0~windev: wechat@0.0.0
8 verbose lifecycle wechat@0.0.0~windev: unsafe-perm in lifecycle true
9 verbose lifecycle wechat@0.0.0~windev: PATH: C:\Users\huang\AppData\Roaming\npm\node_modules\npm\bin\node-gyp-bin;G:\system\wechat\node_modules\.bin;C:\Program Files (x86)\nodejs\;H:\java\bin;H:\java\jre\bin;C:\Program Files (x86)\GtkSharp\2.12\bin;D:\Git\cmd;C:\WINDOWS\system32;D:\;E:\AING\软件\AppServ\Apache24\bin;E:\AING\软件\AppServ\php5;E:\AING\软件\AppServ\MySQL\bin;C:\AppServ\Apache24\bin;C:\AppServ\php5;C:\AppServ\MySQL\bin;D:\AppServ\Apache24\bin;D:\AppServ\php5;D:\AppServ\MySQL\bin;E:\AING\软件\AppServ\Apache2.2\bin;C:\AppServ\Apache2.2\bin;D:\Microsoft VS Code\bin;H:\java\jdk\bin;C:\Users\huang\AppData\Roaming\npm
10 verbose lifecycle wechat@0.0.0~windev: CWD: G:\system\wechat
11 silly lifecycle wechat@0.0.0~windev: Args: [ '/d /s /c', ' set NODE_ENV=dev&& supervisor bin/www' ]
12 silly lifecycle wechat@0.0.0~windev: Returned: code: 3221225786  signal: null
13 info lifecycle wechat@0.0.0~windev: Failed to exec windev script
14 verbose stack Error: wechat@0.0.0 windev: ` set NODE_ENV=dev&& supervisor bin/www`
14 verbose stack Exit status 3221225786
14 verbose stack     at EventEmitter.<anonymous> (C:\Users\huang\AppData\Roaming\npm\node_modules\npm\lib\utils\lifecycle.js:255:16)
14 verbose stack     at emitTwo (events.js:106:13)
14 verbose stack     at EventEmitter.emit (events.js:191:7)
14 verbose stack     at ChildProcess.<anonymous> (C:\Users\huang\AppData\Roaming\npm\node_modules\npm\lib\utils\spawn.js:40:14)
14 verbose stack     at emitTwo (events.js:106:13)
14 verbose stack     at ChildProcess.emit (events.js:191:7)
14 verbose stack     at maybeClose (internal/child_process.js:877:16)
14 verbose stack     at Process.ChildProcess._handle.onexit (internal/child_process.js:226:5)
15 verbose pkgid wechat@0.0.0
16 verbose cwd G:\system\wechat
17 error Windows_NT 10.0.10586
18 error argv "C:\\Program Files (x86)\\nodejs\\node.exe" "C:\\Users\\huang\\AppData\\Roaming\\npm\\node_modules\\npm\\bin\\npm-cli.js" "run" "windev"
19 error node v6.10.0
20 error npm  v3.10.8
21 error code ELIFECYCLE
22 error wechat@0.0.0 windev: ` set NODE_ENV=dev&& supervisor bin/www`
22 error Exit status 3221225786
23 error Failed at the wechat@0.0.0 windev script ' set NODE_ENV=dev&& supervisor bin/www'.
23 error Make sure you have the latest version of node.js and npm installed.
23 error If you do, this is most likely a problem with the wechat package,
23 error not with npm itself.
23 error Tell the author that this fails on your system:
23 error      set NODE_ENV=dev&& supervisor bin/www
23 error You can get information on how to open an issue for this project with:
23 error     npm bugs wechat
23 error Or if that isn't available, you can get their info via:
23 error     npm owner ls wechat
23 error There is likely additional logging output above.
24 verbose exit [ 1, true ]
